<?xml version="1.0" encoding="UTF-8"?>
<testsuite xmlns:xsi="http://www.w3.org/2001/XMLSchema-instance" xsi:noNamespaceSchemaLocation="https://maven.apache.org/surefire/maven-surefire-plugin/xsd/surefire-test-report.xsd" version="3.0.2" name="com.poc.ex.ExApplicationTests" time="5.201" tests="1" errors="0" skipped="0" failures="0">
  <properties>
[...]
</properties>
  <testcase name="contextLoads" classname="com.poc.ex.ExApplicationTests" time="0.589">
    <system-out><![CDATA[07:36:40.937 [main] INFO org.springframework.test.context.support.AnnotationConfigContextLoaderUtils -- Could not detect default configuration classes for test class [com.poc.ex.ExApplicationTests]: ExApplicationTests does not declare any static, non-private, non-final, nested classes annotated with @Configuration.
07:36:41.028 [main] INFO org.springframework.boot.test.context.SpringBootTestContextBootstrapper -- Found @SpringBootConfiguration com.poc.ex.ExApplication for test class com.poc.ex.ExApplicationTests

  .   ____          _            __ _ _
 /\\ / ___'_ __ _ _(_)_ __  __ _ \ \ \ \
( ( )\___ | '_ | '_| | '_ \/ _` | \ \ \ \
 \\/  ___)| |_)| | | | | || (_| |  ) ) ) )
  '  |____| .__|_| |_|_| |_\__, | / / / /
 =========|_|==============|___/=/_/_/_/

 :: Spring Boot ::                (v3.5.4)

2025-08-07T07:36:41.460-03:00  INFO 12068 --- [ex] [           main] com.poc.ex.ExApplicationTests            : Starting ExApplicationTests using Java 21.0.7.0.7 with PID 12068 (started by actdigital in C:\Users\actdigital\proj\ex\ex)
2025-08-07T07:36:41.461-03:00  INFO 12068 --- [ex] [           main] com.poc.ex.ExApplicationTests            : No active profile set, falling back to 1 default profile: "default"
2025-08-07T07:36:42.262-03:00  INFO 12068 --- [ex] [           main] .s.d.r.c.RepositoryConfigurationDelegate : Bootstrapping Spring Data JPA repositories in DEFAULT mode.
2025-08-07T07:36:42.316-03:00  INFO 12068 --- [ex] [           main] .s.d.r.c.RepositoryConfigurationDelegate : Finished Spring Data repository scanning in 40 ms. Found 1 JPA repository interface.
2025-08-07T07:36:42.841-03:00  INFO 12068 --- [ex] [           main] com.zaxxer.hikari.HikariDataSource       : HikariPool-1 - Starting...
2025-08-07T07:36:43.077-03:00  INFO 12068 --- [ex] [           main] com.zaxxer.hikari.pool.HikariPool        : HikariPool-1 - Added connection conn0: url=jdbc:h2:mem:exdb user=SA
2025-08-07T07:36:43.078-03:00  INFO 12068 --- [ex] [           main] com.zaxxer.hikari.HikariDataSource       : HikariPool-1 - Start completed.
2025-08-07T07:36:43.118-03:00  INFO 12068 --- [ex] [           main] org.flywaydb.core.FlywayExecutor         : Database: jdbc:h2:mem:exdb (H2 2.3)
2025-08-07T07:36:43.158-03:00  INFO 12068 --- [ex] [           main] o.f.c.i.s.JdbcTableSchemaHistory         : Schema history table "PUBLIC"."flyway_schema_history" does not exist yet
2025-08-07T07:36:43.160-03:00  INFO 12068 --- [ex] [           main] o.f.core.internal.command.DbValidate     : Successfully validated 2 migrations (execution time 00:00.027s)
2025-08-07T07:36:43.164-03:00  INFO 12068 --- [ex] [           main] org.flywaydb.core.Flyway                 : All configured schemas are empty; baseline operation skipped. A baseline or migration script with a lower version than the baseline version may execute if available. Check the Schemas parameter if this is not intended.
2025-08-07T07:36:43.165-03:00  INFO 12068 --- [ex] [           main] o.f.c.i.s.JdbcTableSchemaHistory         : Creating Schema History table "PUBLIC"."flyway_schema_history" ...
2025-08-07T07:36:43.189-03:00  INFO 12068 --- [ex] [           main] o.f.core.internal.command.DbMigrate      : Current version of schema "PUBLIC": << Empty Schema >>
2025-08-07T07:36:43.195-03:00  INFO 12068 --- [ex] [           main] o.f.core.internal.command.DbMigrate      : Migrating schema "PUBLIC" to version "0 - create"
2025-08-07T07:36:43.208-03:00  INFO 12068 --- [ex] [           main] o.f.core.internal.command.DbMigrate      : Migrating schema "PUBLIC" to version "1 - init"
2025-08-07T07:36:43.218-03:00  INFO 12068 --- [ex] [           main] o.f.core.internal.command.DbMigrate      : Successfully applied 2 migrations to schema "PUBLIC", now at version v1 (execution time 00:00.006s)
2025-08-07T07:36:43.343-03:00  INFO 12068 --- [ex] [           main] o.hibernate.jpa.internal.util.LogHelper  : HHH000204: Processing PersistenceUnitInfo [name: default]
2025-08-07T07:36:43.418-03:00  INFO 12068 --- [ex] [           main] org.hibernate.Version                    : HHH000412: Hibernate ORM core version 6.6.22.Final
2025-08-07T07:36:43.448-03:00  INFO 12068 --- [ex] [           main] o.h.c.internal.RegionFactoryInitiator    : HHH000026: Second-level cache disabled
2025-08-07T07:36:43.662-03:00  INFO 12068 --- [ex] [           main] o.s.o.j.p.SpringPersistenceUnitInfo      : No LoadTimeWeaver setup: ignoring JPA class transformer
2025-08-07T07:36:43.697-03:00  WARN 12068 --- [ex] [           main] org.hibernate.orm.deprecation            : HHH90000025: H2Dialect does not need to be specified explicitly using 'hibernate.dialect' (remove the property setting and it will be selected by default)
2025-08-07T07:36:43.709-03:00  INFO 12068 --- [ex] [           main] org.hibernate.orm.connections.pooling    : HHH10001005: Database info:
	Database JDBC URL [Connecting through datasource 'HikariDataSource (HikariPool-1)']
	Database driver: undefined/unknown
	Database version: 2.3.232
	Autocommit mode: undefined/unknown
	Isolation level: undefined/unknown
	Minimum pool size: undefined/unknown
	Maximum pool size: undefined/unknown
2025-08-07T07:36:44.295-03:00  INFO 12068 --- [ex] [           main] o.h.e.t.j.p.i.JtaPlatformInitiator       : HHH000489: No JTA platform available (set 'hibernate.transaction.jta.platform' to enable JTA platform integration)
2025-08-07T07:36:44.298-03:00  INFO 12068 --- [ex] [           main] j.LocalContainerEntityManagerFactoryBean : Initialized JPA EntityManagerFactory for persistence unit 'default'
2025-08-07T07:36:44.874-03:00  WARN 12068 --- [ex] [           main] JpaBaseConfiguration$JpaWebConfiguration : spring.jpa.open-in-view is enabled by default. Therefore, database queries may be performed during view rendering. Explicitly configure spring.jpa.open-in-view to disable this warning
2025-08-07T07:36:45.345-03:00  INFO 12068 --- [ex] [           main] o.s.b.a.h2.H2ConsoleAutoConfiguration    : H2 console available at '/h2-console'. Database available at 'jdbc:h2:mem:exdb'
2025-08-07T07:36:45.401-03:00  INFO 12068 --- [ex] [           main] com.poc.ex.ExApplicationTests            : Started ExApplicationTests in 4.233 seconds (process running for 5.122)
]]></system-out>
    <system-err><![CDATA[WARNING: A Java agent has been loaded dynamically (C:\Users\actdigital\.m2\repository\net\bytebuddy\byte-buddy-agent\1.17.6\byte-buddy-agent-1.17.6.jar)
WARNING: If a serviceability tool is in use, please run with -XX:+EnableDynamicAgentLoading to hide this warning
WARNING: If a serviceability tool is not in use, please run with -Djdk.instrument.traceUsage for more information
WARNING: Dynamic loading of agents will be disallowed by default in a future release
]]></system-err>
  </testcase>
</testsuite>